{"/Users/mikael-pc/Desktop/binar/service-games/src/database/config/config.js": {"path":"/Users/mikael-pc/Desktop/binar/service-games/src/database/config/config.js","statementMap":{"0":{"start":{"line":1,"column":0},"end":{"line":1,"column":27}},"1":{"start":{"line":3,"column":15},"end":{"line":43,"column":1}},"2":{"start":{"line":45,"column":0},"end":{"line":45,"column":24}}},"fnMap":{},"branchMap":{},"s":{"0":3,"1":3,"2":3},"f":{},"b":{},"_coverageSchema":"1a1c01bbd47fc00a2c39e90264f33305004495a9","hash":"b95889fae4e263cdd7bf8c685f68a3f6bf7cb010"}
,"/Users/mikael-pc/Desktop/binar/service-games/src/database/models/index.js": {"path":"/Users/mikael-pc/Desktop/binar/service-games/src/database/models/index.js","statementMap":{"0":{"start":{"line":3,"column":11},"end":{"line":3,"column":24}},"1":{"start":{"line":4,"column":13},"end":{"line":4,"column":28}},"2":{"start":{"line":5,"column":18},"end":{"line":5,"column":38}},"3":{"start":{"line":6,"column":17},"end":{"line":6,"column":42}},"4":{"start":{"line":7,"column":12},"end":{"line":7,"column":49}},"5":{"start":{"line":8,"column":15},"end":{"line":8,"column":63}},"6":{"start":{"line":9,"column":11},"end":{"line":9,"column":13}},"7":{"start":{"line":12,"column":0},"end":{"line":16,"column":1}},"8":{"start":{"line":13,"column":2},"end":{"line":13,"column":74}},"9":{"start":{"line":15,"column":2},"end":{"line":15,"column":87}},"10":{"start":{"line":18,"column":0},"end":{"line":26,"column":5}},"11":{"start":{"line":21,"column":4},"end":{"line":21,"column":90}},"12":{"start":{"line":24,"column":18},"end":{"line":24,"column":85}},"13":{"start":{"line":25,"column":4},"end":{"line":25,"column":27}},"14":{"start":{"line":28,"column":0},"end":{"line":32,"column":3}},"15":{"start":{"line":29,"column":2},"end":{"line":31,"column":3}},"16":{"start":{"line":30,"column":4},"end":{"line":30,"column":32}},"17":{"start":{"line":34,"column":0},"end":{"line":34,"column":25}},"18":{"start":{"line":35,"column":0},"end":{"line":35,"column":25}},"19":{"start":{"line":37,"column":0},"end":{"line":37,"column":20}}},"fnMap":{"0":{"name":"(anonymous_0)","decl":{"start":{"line":20,"column":10},"end":{"line":20,"column":11}},"loc":{"start":{"line":20,"column":18},"end":{"line":22,"column":3}},"line":20},"1":{"name":"(anonymous_1)","decl":{"start":{"line":23,"column":11},"end":{"line":23,"column":12}},"loc":{"start":{"line":23,"column":19},"end":{"line":26,"column":3}},"line":23},"2":{"name":"(anonymous_2)","decl":{"start":{"line":28,"column":24},"end":{"line":28,"column":25}},"loc":{"start":{"line":28,"column":37},"end":{"line":32,"column":1}},"line":28}},"branchMap":{"0":{"loc":{"start":{"line":7,"column":12},"end":{"line":7,"column":49}},"type":"binary-expr","locations":[{"start":{"line":7,"column":12},"end":{"line":7,"column":32}},{"start":{"line":7,"column":36},"end":{"line":7,"column":49}}],"line":7},"1":{"loc":{"start":{"line":12,"column":0},"end":{"line":16,"column":1}},"type":"if","locations":[{"start":{"line":12,"column":0},"end":{"line":16,"column":1}},{"start":{"line":14,"column":7},"end":{"line":16,"column":1}}],"line":12},"2":{"loc":{"start":{"line":21,"column":11},"end":{"line":21,"column":89}},"type":"binary-expr","locations":[{"start":{"line":21,"column":12},"end":{"line":21,"column":35}},{"start":{"line":21,"column":41},"end":{"line":21,"column":58}},{"start":{"line":21,"column":64},"end":{"line":21,"column":88}}],"line":21},"3":{"loc":{"start":{"line":29,"column":2},"end":{"line":31,"column":3}},"type":"if","locations":[{"start":{"line":29,"column":2},"end":{"line":31,"column":3}},{"start":{},"end":{}}],"line":29}},"s":{"0":3,"1":3,"2":3,"3":3,"4":3,"5":3,"6":3,"7":3,"8":0,"9":3,"10":3,"11":9,"12":6,"13":6,"14":3,"15":6,"16":6,"17":3,"18":3,"19":3},"f":{"0":9,"1":6,"2":6},"b":{"0":[3,0],"1":[0,3],"2":[9,9,6],"3":[6,0]},"_coverageSchema":"1a1c01bbd47fc00a2c39e90264f33305004495a9","hash":"2b4d5f88ab09ced0cdba3411d29e43e4f62de1fb"}
,"/Users/mikael-pc/Desktop/binar/service-games/src/database/models/room.js": {"path":"/Users/mikael-pc/Desktop/binar/service-games/src/database/models/room.js","statementMap":{"0":{"start":{"line":4,"column":4},"end":{"line":4,"column":24}},"1":{"start":{"line":5,"column":0},"end":{"line":37,"column":2}},"2":{"start":{"line":16,"column":2},"end":{"line":35,"column":5}},"3":{"start":{"line":36,"column":2},"end":{"line":36,"column":14}}},"fnMap":{"0":{"name":"(anonymous_0)","decl":{"start":{"line":5,"column":17},"end":{"line":5,"column":18}},"loc":{"start":{"line":5,"column":43},"end":{"line":37,"column":1}},"line":5},"1":{"name":"(anonymous_1)","decl":{"start":{"line":12,"column":4},"end":{"line":12,"column":5}},"loc":{"start":{"line":12,"column":29},"end":{"line":14,"column":5}},"line":12}},"branchMap":{},"s":{"0":3,"1":3,"2":3,"3":3},"f":{"0":3,"1":3},"b":{},"_coverageSchema":"1a1c01bbd47fc00a2c39e90264f33305004495a9","hash":"1620a9b2c855b02957b94c2979f21ec46b1720ce"}
,"/Users/mikael-pc/Desktop/binar/service-games/src/database/models/user.js": {"path":"/Users/mikael-pc/Desktop/binar/service-games/src/database/models/user.js","statementMap":{"0":{"start":{"line":4,"column":4},"end":{"line":4,"column":24}},"1":{"start":{"line":6,"column":0},"end":{"line":33,"column":2}},"2":{"start":{"line":17,"column":2},"end":{"line":31,"column":5}},"3":{"start":{"line":32,"column":2},"end":{"line":32,"column":14}}},"fnMap":{"0":{"name":"(anonymous_0)","decl":{"start":{"line":6,"column":17},"end":{"line":6,"column":18}},"loc":{"start":{"line":6,"column":43},"end":{"line":33,"column":1}},"line":6},"1":{"name":"(anonymous_1)","decl":{"start":{"line":13,"column":4},"end":{"line":13,"column":5}},"loc":{"start":{"line":13,"column":29},"end":{"line":15,"column":5}},"line":13}},"branchMap":{},"s":{"0":3,"1":3,"2":3,"3":3},"f":{"0":3,"1":3},"b":{},"_coverageSchema":"1a1c01bbd47fc00a2c39e90264f33305004495a9","hash":"4fd991e571618a75ac81ed4c1aab2826b2824fe5"}
,"/Users/mikael-pc/Desktop/binar/service-games/src/user/user.controller.js": {"path":"/Users/mikael-pc/Desktop/binar/service-games/src/user/user.controller.js","statementMap":{"0":{"start":{"line":1,"column":20},"end":{"line":1,"column":48}},"1":{"start":{"line":2,"column":20},"end":{"line":2,"column":45}},"2":{"start":{"line":4,"column":19},"end":{"line":17,"column":1}},"3":{"start":{"line":5,"column":40},"end":{"line":5,"column":48}},"4":{"start":{"line":6,"column":2},"end":{"line":16,"column":3}},"5":{"start":{"line":7,"column":20},"end":{"line":11,"column":6}},"6":{"start":{"line":12,"column":4},"end":{"line":12,"column":41}},"7":{"start":{"line":14,"column":4},"end":{"line":14,"column":23}},"8":{"start":{"line":15,"column":4},"end":{"line":15,"column":71}},"9":{"start":{"line":19,"column":23},"end":{"line":29,"column":1}},"10":{"start":{"line":20,"column":17},"end":{"line":20,"column":28}},"11":{"start":{"line":21,"column":2},"end":{"line":28,"column":3}},"12":{"start":{"line":22,"column":27},"end":{"line":24,"column":6}},"13":{"start":{"line":25,"column":4},"end":{"line":25,"column":48}},"14":{"start":{"line":27,"column":4},"end":{"line":27,"column":71}},"15":{"start":{"line":31,"column":19},"end":{"line":45,"column":1}},"16":{"start":{"line":32,"column":17},"end":{"line":32,"column":28}},"17":{"start":{"line":33,"column":40},"end":{"line":33,"column":48}},"18":{"start":{"line":34,"column":2},"end":{"line":44,"column":3}},"19":{"start":{"line":35,"column":27},"end":{"line":40,"column":6}},"20":{"start":{"line":41,"column":4},"end":{"line":41,"column":48}},"21":{"start":{"line":43,"column":4},"end":{"line":43,"column":71}},"22":{"start":{"line":47,"column":22},"end":{"line":59,"column":1}},"23":{"start":{"line":48,"column":40},"end":{"line":48,"column":48}},"24":{"start":{"line":49,"column":2},"end":{"line":51,"column":3}},"25":{"start":{"line":50,"column":4},"end":{"line":50,"column":71}},"26":{"start":{"line":52,"column":17},"end":{"line":52,"column":36}},"27":{"start":{"line":53,"column":2},"end":{"line":58,"column":3}},"28":{"start":{"line":54,"column":26},"end":{"line":54,"column":94}},"29":{"start":{"line":55,"column":4},"end":{"line":55,"column":47}},"30":{"start":{"line":57,"column":4},"end":{"line":57,"column":71}},"31":{"start":{"line":61,"column":23},"end":{"line":66,"column":1}},"32":{"start":{"line":68,"column":0},"end":{"line":68,"column":32}}},"fnMap":{"0":{"name":"(anonymous_0)","decl":{"start":{"line":4,"column":19},"end":{"line":4,"column":20}},"loc":{"start":{"line":4,"column":39},"end":{"line":17,"column":1}},"line":4},"1":{"name":"(anonymous_1)","decl":{"start":{"line":19,"column":23},"end":{"line":19,"column":24}},"loc":{"start":{"line":19,"column":43},"end":{"line":29,"column":1}},"line":19},"2":{"name":"(anonymous_2)","decl":{"start":{"line":31,"column":19},"end":{"line":31,"column":20}},"loc":{"start":{"line":31,"column":39},"end":{"line":45,"column":1}},"line":31},"3":{"name":"(anonymous_3)","decl":{"start":{"line":47,"column":22},"end":{"line":47,"column":23}},"loc":{"start":{"line":47,"column":42},"end":{"line":59,"column":1}},"line":47}},"branchMap":{"0":{"loc":{"start":{"line":49,"column":2},"end":{"line":51,"column":3}},"type":"if","locations":[{"start":{"line":49,"column":2},"end":{"line":51,"column":3}},{"start":{},"end":{}}],"line":49}},"s":{"0":1,"1":1,"2":1,"3":2,"4":2,"5":2,"6":1,"7":1,"8":1,"9":1,"10":2,"11":2,"12":2,"13":1,"14":1,"15":1,"16":2,"17":2,"18":2,"19":2,"20":1,"21":1,"22":1,"23":3,"24":3,"25":1,"26":2,"27":2,"28":2,"29":1,"30":1,"31":1,"32":1},"f":{"0":2,"1":2,"2":2,"3":3},"b":{"0":[1,2]},"_coverageSchema":"1a1c01bbd47fc00a2c39e90264f33305004495a9","hash":"ac87a1168bbdebcb28e6fa2e1f37ac9e330e384a"}
,"/Users/mikael-pc/Desktop/binar/service-games/src/user/user.repository.js": {"path":"/Users/mikael-pc/Desktop/binar/service-games/src/user/user.repository.js","statementMap":{"0":{"start":{"line":1,"column":17},"end":{"line":1,"column":39}},"1":{"start":{"line":2,"column":17},"end":{"line":2,"column":46}},"2":{"start":{"line":4,"column":19},"end":{"line":15,"column":1}},"3":{"start":{"line":5,"column":23},"end":{"line":5,"column":74}},"4":{"start":{"line":6,"column":2},"end":{"line":14,"column":3}},"5":{"start":{"line":7,"column":4},"end":{"line":11,"column":7}},"6":{"start":{"line":13,"column":4},"end":{"line":13,"column":59}},"7":{"start":{"line":17,"column":16},"end":{"line":19,"column":1}},"8":{"start":{"line":18,"column":2},"end":{"line":18,"column":62}},"9":{"start":{"line":21,"column":21},"end":{"line":23,"column":1}},"10":{"start":{"line":22,"column":2},"end":{"line":22,"column":61}},"11":{"start":{"line":25,"column":23},"end":{"line":27,"column":1}},"12":{"start":{"line":26,"column":2},"end":{"line":26,"column":62}},"13":{"start":{"line":29,"column":19},"end":{"line":43,"column":1}},"14":{"start":{"line":30,"column":2},"end":{"line":42,"column":4}},"15":{"start":{"line":45,"column":23},"end":{"line":57,"column":1}},"16":{"start":{"line":46,"column":2},"end":{"line":56,"column":4}},"17":{"start":{"line":59,"column":23},"end":{"line":66,"column":1}},"18":{"start":{"line":68,"column":0},"end":{"line":68,"column":32}}},"fnMap":{"0":{"name":"(anonymous_0)","decl":{"start":{"line":4,"column":19},"end":{"line":4,"column":20}},"loc":{"start":{"line":4,"column":60},"end":{"line":15,"column":1}},"line":4},"1":{"name":"(anonymous_1)","decl":{"start":{"line":17,"column":16},"end":{"line":17,"column":17}},"loc":{"start":{"line":17,"column":38},"end":{"line":19,"column":1}},"line":17},"2":{"name":"(anonymous_2)","decl":{"start":{"line":21,"column":21},"end":{"line":21,"column":22}},"loc":{"start":{"line":21,"column":42},"end":{"line":23,"column":1}},"line":21},"3":{"name":"(anonymous_3)","decl":{"start":{"line":25,"column":23},"end":{"line":25,"column":24}},"loc":{"start":{"line":25,"column":45},"end":{"line":27,"column":1}},"line":25},"4":{"name":"(anonymous_4)","decl":{"start":{"line":29,"column":19},"end":{"line":29,"column":20}},"loc":{"start":{"line":29,"column":68},"end":{"line":43,"column":1}},"line":29},"5":{"name":"(anonymous_5)","decl":{"start":{"line":45,"column":23},"end":{"line":45,"column":24}},"loc":{"start":{"line":45,"column":55},"end":{"line":57,"column":1}},"line":45}},"branchMap":{"0":{"loc":{"start":{"line":6,"column":2},"end":{"line":14,"column":3}},"type":"if","locations":[{"start":{"line":6,"column":2},"end":{"line":14,"column":3}},{"start":{"line":12,"column":9},"end":{"line":14,"column":3}}],"line":6}},"s":{"0":3,"1":3,"2":3,"3":2,"4":2,"5":2,"6":0,"7":3,"8":1,"9":3,"10":1,"11":3,"12":1,"13":3,"14":1,"15":3,"16":1,"17":3,"18":3},"f":{"0":2,"1":1,"2":1,"3":1,"4":1,"5":1},"b":{"0":[2,0]},"_coverageSchema":"1a1c01bbd47fc00a2c39e90264f33305004495a9","hash":"573aed4fc2e94fc599c9a35493c3832a7c50ae35"}
,"/Users/mikael-pc/Desktop/binar/service-games/src/user/user.service.js": {"path":"/Users/mikael-pc/Desktop/binar/service-games/src/user/user.service.js","statementMap":{"0":{"start":{"line":1,"column":17},"end":{"line":1,"column":45}},"1":{"start":{"line":2,"column":15},"end":{"line":2,"column":32}},"2":{"start":{"line":3,"column":18},"end":{"line":3,"column":20}},"3":{"start":{"line":5,"column":19},"end":{"line":13,"column":1}},"4":{"start":{"line":6,"column":23},"end":{"line":6,"column":61}},"5":{"start":{"line":8,"column":2},"end":{"line":12,"column":5}},"6":{"start":{"line":15,"column":23},"end":{"line":19,"column":1}},"7":{"start":{"line":16,"column":2},"end":{"line":18,"column":5}},"8":{"start":{"line":21,"column":19},"end":{"line":29,"column":1}},"9":{"start":{"line":22,"column":23},"end":{"line":22,"column":61}},"10":{"start":{"line":23,"column":2},"end":{"line":28,"column":5}},"11":{"start":{"line":31,"column":22},"end":{"line":37,"column":1}},"12":{"start":{"line":32,"column":23},"end":{"line":32,"column":61}},"13":{"start":{"line":33,"column":2},"end":{"line":36,"column":5}},"14":{"start":{"line":39,"column":20},"end":{"line":44,"column":1}},"15":{"start":{"line":46,"column":0},"end":{"line":46,"column":29}}},"fnMap":{"0":{"name":"(anonymous_0)","decl":{"start":{"line":5,"column":19},"end":{"line":5,"column":20}},"loc":{"start":{"line":5,"column":60},"end":{"line":13,"column":1}},"line":5},"1":{"name":"(anonymous_1)","decl":{"start":{"line":15,"column":23},"end":{"line":15,"column":24}},"loc":{"start":{"line":15,"column":45},"end":{"line":19,"column":1}},"line":15},"2":{"name":"(anonymous_2)","decl":{"start":{"line":21,"column":19},"end":{"line":21,"column":20}},"loc":{"start":{"line":21,"column":68},"end":{"line":29,"column":1}},"line":21},"3":{"name":"(anonymous_3)","decl":{"start":{"line":31,"column":22},"end":{"line":31,"column":23}},"loc":{"start":{"line":31,"column":71},"end":{"line":37,"column":1}},"line":31}},"branchMap":{},"s":{"0":2,"1":2,"2":2,"3":2,"4":1,"5":1,"6":2,"7":1,"8":2,"9":1,"10":1,"11":2,"12":1,"13":1,"14":2,"15":2},"f":{"0":1,"1":1,"2":1,"3":1},"b":{},"_coverageSchema":"1a1c01bbd47fc00a2c39e90264f33305004495a9","hash":"c678276167547ad9545524b7f2a60ecd51d3dbe5"}
}
