TN:
SF:src/database/config/config.js
FNF:0
FNH:0
DA:1,9
DA:3,9
DA:45,9
LF:3
LH:3
BRF:0
BRH:0
end_of_record
TN:
SF:src/database/models/index.js
FN:20,(anonymous_0)
FN:23,(anonymous_1)
FN:28,(anonymous_2)
FNF:3
FNH:3
FNDA:27,(anonymous_0)
FNDA:18,(anonymous_1)
FNDA:18,(anonymous_2)
DA:3,9
DA:4,9
DA:5,9
DA:6,9
DA:7,9
DA:8,9
DA:9,9
DA:12,9
DA:13,0
DA:15,9
DA:18,9
DA:21,27
DA:24,18
DA:25,18
DA:28,9
DA:29,18
DA:30,18
DA:34,9
DA:35,9
DA:37,9
LF:20
LH:19
BRDA:7,0,0,9
BRDA:7,0,1,0
BRDA:12,1,0,0
BRDA:12,1,1,9
BRDA:21,2,0,27
BRDA:21,2,1,27
BRDA:21,2,2,18
BRDA:29,3,0,18
BRDA:29,3,1,0
BRF:9
BRH:6
end_of_record
TN:
SF:src/database/models/room.js
FN:5,(anonymous_0)
FN:12,(anonymous_1)
FNF:2
FNH:2
FNDA:9,(anonymous_0)
FNDA:9,(anonymous_1)
DA:4,9
DA:5,9
DA:16,9
DA:36,9
LF:4
LH:4
BRF:0
BRH:0
end_of_record
TN:
SF:src/database/models/user.js
FN:6,(anonymous_0)
FN:13,(anonymous_1)
FNF:2
FNH:2
FNDA:9,(anonymous_0)
FNDA:9,(anonymous_1)
DA:4,9
DA:6,9
DA:17,9
DA:32,9
LF:4
LH:4
BRF:0
BRH:0
end_of_record
TN:
SF:src/leaderboard/leaderboard.controller.js
FN:3,(anonymous_0)
FNF:1
FNH:1
FNDA:1,(anonymous_0)
DA:1,1
DA:3,1
DA:4,1
DA:5,1
DA:6,1
DA:8,0
DA:12,1
DA:16,1
LF:8
LH:7
BRF:0
BRH:0
end_of_record
TN:
SF:src/leaderboard/leaderboard.repository.js
FN:4,(anonymous_0)
FNF:1
FNH:1
FNDA:1,(anonymous_0)
DA:1,3
DA:2,3
DA:4,3
DA:5,1
DA:18,3
DA:22,3
LF:6
LH:6
BRF:0
BRH:0
end_of_record
TN:
SF:src/leaderboard/leaderboard.service.js
FN:3,(anonymous_0)
FNF:1
FNH:1
FNDA:1,(anonymous_0)
DA:1,2
DA:3,2
DA:4,1
DA:7,2
DA:11,2
LF:5
LH:5
BRF:0
BRH:0
end_of_record
TN:
SF:src/room/room.controller.js
FN:3,(anonymous_0)
FN:17,(anonymous_1)
FN:26,(anonymous_2)
FN:45,(anonymous_3)
FN:55,(anonymous_4)
FNF:5
FNH:5
FNDA:2,(anonymous_0)
FNDA:2,(anonymous_1)
FNDA:3,(anonymous_2)
FNDA:2,(anonymous_3)
FNDA:6,(anonymous_4)
DA:1,1
DA:3,1
DA:4,2
DA:5,2
DA:7,2
DA:8,2
DA:11,1
DA:13,1
DA:17,1
DA:18,2
DA:19,2
DA:20,1
DA:22,1
DA:26,1
DA:27,3
DA:28,3
DA:30,3
DA:31,3
DA:32,2
DA:33,1
DA:38,2
DA:40,1
DA:41,1
DA:45,1
DA:46,2
DA:47,2
DA:48,2
DA:49,1
DA:51,1
DA:55,1
DA:56,6
DA:57,6
DA:58,6
DA:59,6
DA:60,6
DA:62,5
DA:63,2
DA:65,3
DA:66,3
DA:69,5
DA:71,5
DA:73,3
DA:74,3
DA:75,2
DA:81,1
DA:82,1
DA:88,1
DA:90,5
DA:93,5
DA:103,5
DA:105,1
DA:109,1
DA:117,1
LF:53
LH:53
BRDA:32,0,0,1
BRDA:32,0,1,1
BRDA:32,1,0,2
BRDA:32,1,1,1
BRDA:62,2,0,2
BRDA:62,2,1,3
BRDA:65,3,0,3
BRDA:65,3,1,0
BRDA:69,4,0,5
BRDA:69,4,1,0
BRDA:69,5,0,5
BRDA:69,5,1,5
BRDA:71,6,0,3
BRDA:71,6,1,2
BRDA:75,7,0,1
BRDA:75,7,1,1
BRDA:76,8,0,2
BRDA:76,8,1,1
BRDA:76,8,2,1
BRDA:76,8,3,0
BRDA:76,8,4,1
BRDA:76,8,5,1
BRDA:82,9,0,1
BRDA:82,9,1,0
BRDA:83,10,0,1
BRDA:83,10,1,0
BRDA:83,10,2,1
BRDA:83,10,3,0
BRDA:83,10,4,1
BRDA:83,10,5,1
BRF:30
BRH:24
end_of_record
TN:
SF:src/room/room.repo.js
FN:3,(anonymous_0)
FN:9,(anonymous_1)
FN:18,(anonymous_2)
FN:47,(anonymous_3)
FN:61,(anonymous_4)
FN:65,(anonymous_5)
FN:82,(anonymous_6)
FN:99,createRandomString
FNF:8
FNH:8
FNDA:2,(anonymous_0)
FNDA:2,(anonymous_1)
FNDA:1,(anonymous_2)
FNDA:1,(anonymous_3)
FNDA:1,(anonymous_4)
FNDA:1,(anonymous_5)
FNDA:2,(anonymous_6)
FNDA:2,createRandomString
DA:1,3
DA:3,3
DA:4,2
DA:9,3
DA:10,2
DA:11,2
DA:18,3
DA:28,1
DA:47,3
DA:48,1
DA:61,3
DA:62,1
DA:65,3
DA:66,1
DA:69,3
DA:78,3
DA:82,3
DA:86,2
DA:87,2
DA:88,2
DA:91,2
DA:100,2
DA:102,2
DA:103,2
DA:104,2
DA:105,2
DA:106,10
DA:109,2
LF:28
LH:28
BRF:0
BRH:0
end_of_record
TN:
SF:src/room/room.service.js
FN:3,(anonymous_0)
FN:4,(anonymous_1)
FN:19,(anonymous_2)
FN:20,(anonymous_3)
FN:32,(anonymous_4)
FN:33,(anonymous_5)
FN:45,(anonymous_6)
FN:46,(anonymous_7)
FN:58,(anonymous_8)
FN:68,(anonymous_9)
FN:96,(anonymous_10)
FN:97,(anonymous_11)
FNF:12
FNH:10
FNDA:2,(anonymous_0)
FNDA:2,(anonymous_1)
FNDA:2,(anonymous_2)
FNDA:2,(anonymous_3)
FNDA:2,(anonymous_4)
FNDA:2,(anonymous_5)
FNDA:2,(anonymous_6)
FNDA:2,(anonymous_7)
FNDA:3,(anonymous_8)
FNDA:3,(anonymous_9)
FNDA:0,(anonymous_10)
FNDA:0,(anonymous_11)
DA:1,2
DA:3,2
DA:4,2
DA:5,2
DA:6,2
DA:9,1
DA:11,1
DA:12,1
DA:13,1
DA:14,1
DA:19,2
DA:20,2
DA:21,2
DA:22,1
DA:23,1
DA:25,0
DA:26,0
DA:27,0
DA:32,2
DA:33,2
DA:34,2
DA:35,1
DA:36,1
DA:38,0
DA:39,0
DA:40,0
DA:45,2
DA:46,2
DA:47,2
DA:48,1
DA:49,1
DA:51,0
DA:52,0
DA:53,0
DA:58,2
DA:68,3
DA:69,3
DA:70,3
DA:80,2
DA:81,1
DA:83,1
DA:84,1
DA:85,1
DA:88,1
DA:89,1
DA:90,1
DA:91,1
DA:96,2
DA:97,0
DA:98,0
DA:99,0
DA:100,0
DA:101,0
DA:103,0
DA:104,0
DA:105,0
DA:108,0
DA:109,0
DA:110,0
DA:111,0
DA:116,2
DA:125,2
LF:62
LH:41
BRDA:22,0,0,1
BRDA:22,0,1,0
BRDA:35,1,0,1
BRDA:35,1,1,0
BRDA:48,2,0,1
BRDA:48,2,1,0
BRDA:80,3,0,1
BRDA:80,3,1,1
BRDA:100,4,0,0
BRDA:100,4,1,0
BRF:10
BRH:5
end_of_record
TN:
SF:src/user/user.controller.js
FN:4,(anonymous_0)
FN:19,(anonymous_1)
FN:31,(anonymous_2)
FN:47,(anonymous_3)
FNF:4
FNH:4
FNDA:2,(anonymous_0)
FNDA:2,(anonymous_1)
FNDA:2,(anonymous_2)
FNDA:3,(anonymous_3)
DA:1,1
DA:2,1
DA:4,1
DA:5,2
DA:6,2
DA:7,2
DA:12,1
DA:14,1
DA:15,1
DA:19,1
DA:20,2
DA:21,2
DA:22,2
DA:25,1
DA:27,1
DA:31,1
DA:32,2
DA:33,2
DA:34,2
DA:35,2
DA:41,1
DA:43,1
DA:47,1
DA:48,3
DA:49,3
DA:50,1
DA:52,2
DA:53,2
DA:54,2
DA:55,1
DA:57,1
DA:61,1
DA:68,1
LF:33
LH:33
BRDA:49,0,0,1
BRDA:49,0,1,2
BRF:2
BRH:2
end_of_record
TN:
SF:src/user/user.repository.js
FN:4,(anonymous_0)
FN:17,(anonymous_1)
FN:21,(anonymous_2)
FN:25,(anonymous_3)
FN:29,(anonymous_4)
FN:45,(anonymous_5)
FNF:6
FNH:6
FNDA:2,(anonymous_0)
FNDA:1,(anonymous_1)
FNDA:1,(anonymous_2)
FNDA:1,(anonymous_3)
FNDA:1,(anonymous_4)
FNDA:1,(anonymous_5)
DA:1,3
DA:2,3
DA:4,3
DA:5,2
DA:6,2
DA:7,1
DA:13,1
DA:17,3
DA:18,1
DA:21,3
DA:22,1
DA:25,3
DA:26,1
DA:29,3
DA:30,1
DA:45,3
DA:46,1
DA:59,3
DA:68,3
LF:19
LH:19
BRDA:6,0,0,1
BRDA:6,0,1,1
BRF:2
BRH:2
end_of_record
TN:
SF:src/user/user.service.js
FN:5,(anonymous_0)
FN:15,(anonymous_1)
FN:21,(anonymous_2)
FN:31,(anonymous_3)
FNF:4
FNH:4
FNDA:1,(anonymous_0)
FNDA:1,(anonymous_1)
FNDA:1,(anonymous_2)
FNDA:1,(anonymous_3)
DA:1,2
DA:2,2
DA:3,2
DA:5,2
DA:6,1
DA:8,1
DA:15,2
DA:16,1
DA:21,2
DA:22,1
DA:23,1
DA:31,2
DA:32,1
DA:33,1
DA:39,2
DA:46,2
LF:16
LH:16
BRF:0
BRH:0
end_of_record
